<?xml version="1.0" encoding="UTF-8"?>
<!-- Generated by org.testng.reporters.JUnitReportReporter -->
<testsuite skipped="1" hostname="VIP-PC" name="com.course.cases.GetUserListTest" tests="1" failures="0" timestamp="01 一月 2019 11:47:48 GMT" time="0.000" errors="0">
  <testcase name="getUserList" time="0.000" classname="com.course.cases.GetUserListTest">
    <skipped/>
  </testcase> <!-- getUserList -->
</testsuite> <!-- com.course.cases.GetUserListTest -->
