<?xml version="1.0" encoding="UTF-8"?>
<!-- Generated by org.testng.reporters.JUnitReportReporter -->
<testsuite skipped="2" hostname="VIP-PC" name="com.course.cases.UpdateUserInfoTest" tests="2" failures="0" timestamp="30 十二月 2018 19:00:59 GMT" time="0.000" errors="0">
  <testcase name="deleteUser" time="0.000" classname="com.course.cases.UpdateUserInfoTest">
    <skipped/>
  </testcase> <!-- deleteUser -->
  <testcase name="updateUserInfo" time="0.000" classname="com.course.cases.UpdateUserInfoTest">
    <skipped/>
  </testcase> <!-- updateUserInfo -->
</testsuite> <!-- com.course.cases.UpdateUserInfoTest -->
